<?xml version="1.0" encoding="UTF-8"?>
<!-- Generated by org.testng.reporters.JUnitReportReporter -->
<testsuite skipped="0" hostname="AncitaMathias27" name="com.abc.testng.Pgm3" tests="2" failures="0" timestamp="09 Jan 2019 14:38:09 GMT" time="0.026" errors="0">
  <testcase name="testcase1" time="0.015" classname="com.abc.testng.Pgm3"/>
  <testcase name="testcase2" time="0.011" classname="com.abc.testng.Pgm3"/>
</testsuite> <!-- com.abc.testng.Pgm3 -->
