<?xml version="1.0" encoding="UTF-8"?>
<!-- Generated by org.testng.reporters.JUnitReportReporter -->
<testsuite skipped="0" hostname="AncitaMathias27" name="com.abc.testng.DemoGroup1" tests="3" failures="0" timestamp="09 Jan 2019 14:47:44 GMT" time="0.041" errors="0">
  <testcase name="c_method" time="0.005" classname="com.abc.testng.DemoGroup1"/>
  <testcase name="b_method" time="0.008" classname="com.abc.testng.DemoGroup1"/>
  <testcase name="a_method" time="0.028" classname="com.abc.testng.DemoGroup1"/>
</testsuite> <!-- com.abc.testng.DemoGroup1 -->
