<?xml version="1.0" encoding="UTF-8"?>
<!-- Generated by org.testng.reporters.JUnitReportReporter -->
<testsuite skipped="0" hostname="AncitaMathias27" name="com.abc.testng.Pgm4" tests="2" failures="0" timestamp="09 Jan 2019 14:41:16 GMT" time="0.034" errors="0">
  <testcase name="testcase1" time="0.028" classname="com.abc.testng.Pgm4"/>
  <testcase name="testcase2" time="0.006" classname="com.abc.testng.Pgm4"/>
</testsuite> <!-- com.abc.testng.Pgm4 -->
