<?xml version="1.0" encoding="UTF-8"?>
<!-- Generated by org.testng.reporters.JUnitReportReporter -->
<testsuite skipped="0" hostname="AncitaMathias27" name="com.abc.testng.Pgm2" tests="2" failures="0" timestamp="09 Jan 2019 14:34:53 GMT" time="0.047" errors="0">
  <testcase name="testcase2" time="0.024" classname="com.abc.testng.Pgm2"/>
  <testcase name="testcase1" time="0.023" classname="com.abc.testng.Pgm2"/>
</testsuite> <!-- com.abc.testng.Pgm2 -->
