<?xml version="1.0" encoding="UTF-8"?>
<!-- Generated by org.testng.reporters.JUnitReportReporter -->
<testsuite skipped="0" hostname="AncitaMathias27" name="com.abc.testng.DemoGroup2" tests="3" failures="0" timestamp="09 Jan 2019 14:49:39 GMT" time="0.045" errors="0">
  <testcase name="b_method" time="0.034" classname="com.abc.testng.DemoGroup2"/>
  <testcase name="a_method" time="0.007" classname="com.abc.testng.DemoGroup2"/>
  <testcase name="c_method" time="0.004" classname="com.abc.testng.DemoGroup2"/>
</testsuite> <!-- com.abc.testng.DemoGroup2 -->
