<?xml version="1.0" encoding="UTF-8"?>
<!-- Generated by org.testng.reporters.JUnitReportReporter -->
<testsuite skipped="0" hostname="AncitaMathias27" name="com.abc.testng.DemoGroup3" tests="3" failures="0" timestamp="09 Jan 2019 14:51:44 GMT" time="0.039" errors="0">
  <testcase name="b_method" time="0.029" classname="com.abc.testng.DemoGroup3"/>
  <testcase name="c_method" time="0.005" classname="com.abc.testng.DemoGroup3"/>
  <testcase name="a_method" time="0.005" classname="com.abc.testng.DemoGroup3"/>
</testsuite> <!-- com.abc.testng.DemoGroup3 -->
