<?xml version="1.0" encoding="UTF-8"?>
<!-- Generated by org.testng.reporters.JUnitReportReporter -->
<testsuite skipped="0" hostname="AncitaMathias27" name="com.abc.testng.Pgm1" tests="2" failures="0" timestamp="09 Jan 2019 14:24:42 GMT" time="70.036" errors="0">
  <testcase name="chrome" time="32.069" classname="com.abc.testng.Pgm1"/>
  <testcase name="firefox" time="37.967" classname="com.abc.testng.Pgm1"/>
</testsuite> <!-- com.abc.testng.Pgm1 -->
