<?xml version="1.0" encoding="UTF-8"?>
<!-- Generated by org.testng.reporters.JUnitReportReporter -->
<testsuite skipped="0" hostname="AncitaMathias27" name="com.abc.testng.DemoGroup4" tests="4" failures="0" timestamp="09 Jan 2019 14:56:36 GMT" time="0.051" errors="0">
  <testcase name="c_method" time="0.008" classname="com.abc.testng.DemoGroup4"/>
  <testcase name="b_method" time="0.030" classname="com.abc.testng.DemoGroup4"/>
  <testcase name="d_method" time="0.009" classname="com.abc.testng.DemoGroup4"/>
  <testcase name="a_method" time="0.004" classname="com.abc.testng.DemoGroup4"/>
</testsuite> <!-- com.abc.testng.DemoGroup4 -->
